{
  "stats": {
    "suites": 19,
    "tests": 49,
    "passes": 48,
    "pending": 0,
    "failures": 1,
    "start": "2021-10-22T14:48:34.599Z",
    "end": "2021-10-22T14:52:25.360Z",
    "duration": 157496,
    "testsRegistered": 49,
    "passPercent": 97.95918367346938,
    "pendingPercent": 0,
    "other": 0,
    "hasOther": false,
    "skipped": 0,
    "hasSkipped": false
  },
  "results": [
    {
      "uuid": "567163c2-54f6-4173-942e-b51db919f340",
      "title": "",
      "fullFile": "cypress/integration/automation-test-store/alias-invoke.js",
      "file": "cypress/integration/automation-test-store/alias-invoke.js",
      "beforeHooks": [],
      "afterHooks": [],
      "tests": [],
      "suites": [
        {
          "uuid": "e2694e81-f975-4bac-9bf6-d3248f0c62ca",
          "title": "Alias and invoke",
          "fullFile": "",
          "file": "",
          "beforeHooks": [],
          "afterHooks": [],
          "tests": [
            {
              "title": "Calculate total of normal and sale products",
              "fullTitle": "Alias and invoke Calculate total of normal and sale products",
              "timedOut": null,
              "duration": 3945,
              "state": "passed",
              "speed": "slow",
              "pass": true,
              "fail": false,
              "pending": false,
              "context": null,
              "code": "cy.visit(\"https://www.automationteststore.com/\");\ncy.get('.thumbnail').as('productThumbnail');\ncy.get('@productThumbnail').find('.oneprice').each(($el, index, $list) => {\n  cy.log($el.text());\n});",
              "err": {},
              "uuid": "fdc8eb31-2da4-4ccb-b623-912ffa1e080c",
              "parentUUID": "e2694e81-f975-4bac-9bf6-d3248f0c62ca",
              "isHook": false,
              "skipped": false
            },
            {
              "title": "Calculate total of normal and sale products",
              "fullTitle": "Alias and invoke Calculate total of normal and sale products",
              "timedOut": null,
              "duration": 2028,
              "state": "passed",
              "speed": "slow",
              "pass": true,
              "fail": false,
              "pending": false,
              "context": null,
              "code": "cy.visit(\"https://www.automationteststore.com/\");\ncy.get('.thumbnail').find('.oneprice').invoke('text').as('itemPrice');\ncy.get('@itemPrice').then($linkText => {\n  var itemPrice = $linkText.split('$');\n  var i;\n  for (i = 0; i < itemPrice.length; i++) {\n    cy.log(itemPrice[i]);\n  }\n});",
              "err": {},
              "uuid": "ecdf1973-f7fd-4eb3-9f31-a0ac9316c795",
              "parentUUID": "e2694e81-f975-4bac-9bf6-d3248f0c62ca",
              "isHook": false,
              "skipped": false
            }
          ],
          "suites": [],
          "passes": [
            "fdc8eb31-2da4-4ccb-b623-912ffa1e080c",
            "ecdf1973-f7fd-4eb3-9f31-a0ac9316c795"
          ],
          "failures": [],
          "pending": [],
          "skipped": [],
          "duration": 5973,
          "root": false,
          "rootEmpty": false,
          "_timeout": 2000
        }
      ],
      "passes": [],
      "failures": [],
      "pending": [],
      "skipped": [],
      "duration": 0,
      "root": true,
      "rootEmpty": true,
      "_timeout": 2000
    },
    {
      "uuid": "2504b537-e281-48a6-a671-6fead5dca117",
      "title": "",
      "fullFile": "cypress/integration/automation-test-store/contact-us.js",
      "file": "cypress/integration/automation-test-store/contact-us.js",
      "beforeHooks": [],
      "afterHooks": [],
      "tests": [],
      "suites": [
        {
          "uuid": "a0ad226f-2e73-4d90-b608-3e87d7acf8fa",
          "title": "Test Contact Us form via Automation Test Store",
          "fullFile": "",
          "file": "",
          "beforeHooks": [],
          "afterHooks": [],
          "tests": [
            {
              "title": "Should be able to submit a successful submission via contact us form",
              "fullTitle": "Test Contact Us form via Automation Test Store Should be able to submit a successful submission via contact us form",
              "timedOut": null,
              "duration": 8910,
              "state": "passed",
              "speed": "slow",
              "pass": true,
              "fail": false,
              "pending": false,
              "context": null,
              "code": "cy.visit(\"https://www.automationteststore.com/\");\ncy.get(\"a[href$='contact']\").click().then(function (linkText) {\n  cy.log(\"Clicked on link using text: \" + linkText.text());\n}); //cy.xpath(\"//a[contains(@href, 'contact')]\").click();\ncy.get(\"@user\").then(user => {\n  cy.get('#ContactUsFrm_first_name').type(user.first_name);\n  cy.get('#ContactUsFrm_email').type(user.email); // Now we have used the alias from before() in our test to reduce the code\n});\ncy.get('#ContactUsFrm_email').should('have.attr', 'name', 'email');\ncy.get('#ContactUsFrm_enquiry').type(\"Do you provide additional discount on bulk orders?\");\ncy.get(\"button[title='Submit']\").click();\ncy.get('.mb40 > :nth-child(3)').should('have.text', 'Your enquiry has been successfully sent to the store owner!');\ncy.log('Test has completed!');",
              "err": {},
              "uuid": "3019e295-d7c0-4797-bda0-946dd890d223",
              "parentUUID": "a0ad226f-2e73-4d90-b608-3e87d7acf8fa",
              "isHook": false,
              "skipped": false
            }
          ],
          "suites": [],
          "passes": [
            "3019e295-d7c0-4797-bda0-946dd890d223"
          ],
          "failures": [],
          "pending": [],
          "skipped": [],
          "duration": 8910,
          "root": false,
          "rootEmpty": false,
          "_timeout": 2000
        }
      ],
      "passes": [],
      "failures": [],
      "pending": [],
      "skipped": [],
      "duration": 0,
      "root": true,
      "rootEmpty": true,
      "_timeout": 2000
    },
    {
      "uuid": "590d7eb1-7680-46c4-8d77-3f319142e2aa",
      "title": "",
      "fullFile": "cypress/integration/automation-test-store/inspect-item.js",
      "file": "cypress/integration/automation-test-store/inspect-item.js",
      "beforeHooks": [],
      "afterHooks": [],
      "tests": [],
      "suites": [
        {
          "uuid": "acbc4cd0-4344-4e4b-859a-4849a55ab067",
          "title": "Inspect Automation Test Store items using chain of commands",
          "fullFile": "",
          "file": "",
          "beforeHooks": [],
          "afterHooks": [],
          "tests": [
            {
              "title": "Click on the first item using item header",
              "fullTitle": "Inspect Automation Test Store items using chain of commands Click on the first item using item header",
              "timedOut": null,
              "duration": 7476,
              "state": "passed",
              "speed": "slow",
              "pass": true,
              "fail": false,
              "pending": false,
              "context": null,
              "code": "cy.visit(\"https://www.automationteststore.com/\");\ncy.get('#block_frame_featured_1769 > .thumbnails > :nth-child(1) > .fixed_wrapper > .fixed > .prdocutname').click();",
              "err": {},
              "uuid": "cfd9bf00-e4c0-41ee-9894-5990cea99878",
              "parentUUID": "acbc4cd0-4344-4e4b-859a-4849a55ab067",
              "isHook": false,
              "skipped": false
            },
            {
              "title": "Click on the first item using item text",
              "fullTitle": "Inspect Automation Test Store items using chain of commands Click on the first item using item text",
              "timedOut": null,
              "duration": 5712,
              "state": "passed",
              "speed": "slow",
              "pass": true,
              "fail": false,
              "pending": false,
              "context": null,
              "code": "cy.visit(\"https://www.automationteststore.com/\");\ncy.get('.prdocutname').contains('Skinsheen Bronzer Stick').click().then(function (itemHeaderText) {\n  console.log(\"Selected the following item: \" + itemHeaderText.text());\n});",
              "err": {},
              "uuid": "72f97e11-bd51-4891-8331-f6174e9c5e93",
              "parentUUID": "acbc4cd0-4344-4e4b-859a-4849a55ab067",
              "isHook": false,
              "skipped": false
            },
            {
              "title": "Click on the first item using index",
              "fullTitle": "Inspect Automation Test Store items using chain of commands Click on the first item using index",
              "timedOut": null,
              "duration": 9255,
              "state": "passed",
              "speed": "slow",
              "pass": true,
              "fail": false,
              "pending": false,
              "context": null,
              "code": "cy.visit(\"https://www.automationteststore.com/\");\ncy.get('.fixed_wrapper').find('.prdocutname').eq(0).click();",
              "err": {},
              "uuid": "6c1e9a11-0e72-4868-a6d7-6a78634334a3",
              "parentUUID": "acbc4cd0-4344-4e4b-859a-4849a55ab067",
              "isHook": false,
              "skipped": false
            }
          ],
          "suites": [],
          "passes": [
            "cfd9bf00-e4c0-41ee-9894-5990cea99878",
            "72f97e11-bd51-4891-8331-f6174e9c5e93",
            "6c1e9a11-0e72-4868-a6d7-6a78634334a3"
          ],
          "failures": [],
          "pending": [],
          "skipped": [],
          "duration": 22443,
          "root": false,
          "rootEmpty": false,
          "_timeout": 2000
        }
      ],
      "passes": [],
      "failures": [],
      "pending": [],
      "skipped": [],
      "duration": 0,
      "root": true,
      "rootEmpty": true,
      "_timeout": 2000
    },
    {
      "uuid": "08260fe6-956c-4e1c-9131-4f2d9eaa4bcc",
      "title": "",
      "fullFile": "cypress/integration/automation-test-store/iterate-over-elements.js",
      "file": "cypress/integration/automation-test-store/iterate-over-elements.js",
      "beforeHooks": [],
      "afterHooks": [],
      "tests": [],
      "suites": [
        {
          "uuid": "3923f517-afd1-4d87-a3dd-0f3cb9f7c86c",
          "title": "Iterate over elements",
          "fullFile": "",
          "file": "",
          "beforeHooks": [],
          "afterHooks": [],
          "tests": [
            {
              "title": "Log information of all hair care products",
              "fullTitle": "Iterate over elements Log information of all hair care products",
              "timedOut": null,
              "duration": 10817,
              "state": "passed",
              "speed": "slow",
              "pass": true,
              "fail": false,
              "pending": false,
              "context": null,
              "code": "// We are going to iterate through the list of hair care products and log the name for each product using JQuery .text()\ncy.get(\".fixed_wrapper .prdocutname\").each(($el, index, $list) => {\n  cy.log(\"Index: \" + index + \" : \" + $el.text());\n});",
              "err": {},
              "uuid": "e8d154d0-dd3a-4db3-a89b-23e083bd9b73",
              "parentUUID": "3923f517-afd1-4d87-a3dd-0f3cb9f7c86c",
              "isHook": false,
              "skipped": false
            },
            {
              "title": "Add specific product to basket",
              "fullTitle": "Iterate over elements Add specific product to basket",
              "timedOut": null,
              "duration": 8913,
              "state": "passed",
              "speed": "slow",
              "pass": true,
              "fail": false,
              "pending": false,
              "context": null,
              "code": "// cy.get(\".fixed_wrapper .prdocutname\").each(($el, index, $list) => {\n//     if($el.text().includes('Curls to straight Shampoo')) {\n//         cy.wrap($el).click()\n//     }\n// })\ncy.selectProduct('Curls to straight Shampoo'); // We have converted the above code into this custom command - ref. Support/Commands.js",
              "err": {},
              "uuid": "a27c21de-9244-42df-8f4b-12b677b99436",
              "parentUUID": "3923f517-afd1-4d87-a3dd-0f3cb9f7c86c",
              "isHook": false,
              "skipped": false
            },
            {
              "title": "Add another specific product to basket",
              "fullTitle": "Iterate over elements Add another specific product to basket",
              "timedOut": null,
              "duration": 10977,
              "state": "passed",
              "speed": "slow",
              "pass": true,
              "fail": false,
              "pending": false,
              "context": null,
              "code": "cy.selectProduct('Seaweed Conditioner');",
              "err": {},
              "uuid": "11bac3ea-be8a-45c3-8568-2a7632710da0",
              "parentUUID": "3923f517-afd1-4d87-a3dd-0f3cb9f7c86c",
              "isHook": false,
              "skipped": false
            },
            {
              "title": "Add another specific product to basket",
              "fullTitle": "Iterate over elements Add another specific product to basket",
              "timedOut": null,
              "duration": 10519,
              "state": "passed",
              "speed": "slow",
              "pass": true,
              "fail": false,
              "pending": false,
              "context": null,
              "code": "cy.selectProduct('Eau Parfumee au The Vert Shampoo');",
              "err": {},
              "uuid": "5f6d9753-5776-4aac-88ff-7b790c1f3d4d",
              "parentUUID": "3923f517-afd1-4d87-a3dd-0f3cb9f7c86c",
              "isHook": false,
              "skipped": false
            }
          ],
          "suites": [],
          "passes": [
            "e8d154d0-dd3a-4db3-a89b-23e083bd9b73",
            "a27c21de-9244-42df-8f4b-12b677b99436",
            "11bac3ea-be8a-45c3-8568-2a7632710da0",
            "5f6d9753-5776-4aac-88ff-7b790c1f3d4d"
          ],
          "failures": [],
          "pending": [],
          "skipped": [],
          "duration": 41226,
          "root": false,
          "rootEmpty": false,
          "_timeout": 2000
        }
      ],
      "passes": [],
      "failures": [],
      "pending": [],
      "skipped": [],
      "duration": 0,
      "root": true,
      "rootEmpty": true,
      "_timeout": 2000
    },
    {
      "uuid": "cd5d230b-4929-459d-83da-8f091a460441",
      "title": "",
      "fullFile": "cypress/integration/automation-test-store/variables-and-cy-commands.js",
      "file": "cypress/integration/automation-test-store/variables-and-cy-commands.js",
      "beforeHooks": [],
      "afterHooks": [],
      "tests": [],
      "suites": [
        {
          "uuid": "24957da7-693b-463d-b35a-c628130df505",
          "title": "Verifying variables, cypress commands and jquery commands",
          "fullFile": "",
          "file": "",
          "beforeHooks": [],
          "afterHooks": [],
          "tests": [
            {
              "title": "Validate properties of the Contact Us Page",
              "fullTitle": "Verifying variables, cypress commands and jquery commands Validate properties of the Contact Us Page",
              "timedOut": null,
              "duration": 3793,
              "state": "passed",
              "speed": "slow",
              "pass": true,
              "fail": false,
              "pending": false,
              "context": null,
              "code": "cy.visit(\"https://automationteststore.com/index.php?rt=content/contact\"); //Uses cypress commands and chaining to locate an element and to validate whether it contains the correct text\ncy.contains('#ContactUsFrm', 'Contact Us Form').find('#field_11').should('contain', 'First name:'); //JQuery Approach (also uses .then promise, a variable, JQuery method.text(), Chai's 'expect' assertion)\ncy.contains('#ContactUsFrm', 'Contact Us Form').then(text => {\n  const firstNameText = text.find('#field_11').text();\n  expect(firstNameText).to.contain('First name'); //Embedded commands (Closure)\n  cy.get('#field_11').then(fnText => {\n    cy.log(fnText.text());\n  });\n});",
              "err": {},
              "uuid": "dee22bd2-61cd-473f-adbe-401598d33ec9",
              "parentUUID": "24957da7-693b-463d-b35a-c628130df505",
              "isHook": false,
              "skipped": false
            }
          ],
          "suites": [],
          "passes": [
            "dee22bd2-61cd-473f-adbe-401598d33ec9"
          ],
          "failures": [],
          "pending": [],
          "skipped": [],
          "duration": 3793,
          "root": false,
          "rootEmpty": false,
          "_timeout": 2000
        }
      ],
      "passes": [],
      "failures": [],
      "pending": [],
      "skipped": [],
      "duration": 0,
      "root": true,
      "rootEmpty": true,
      "_timeout": 2000
    },
    {
      "uuid": "d724f7b0-58b8-46ab-862a-0082f53822da",
      "title": "",
      "fullFile": "cypress/integration/webdriver-uni/autocomplete-dropdown-list.js",
      "file": "cypress/integration/webdriver-uni/autocomplete-dropdown-list.js",
      "beforeHooks": [],
      "afterHooks": [],
      "tests": [],
      "suites": [
        {
          "uuid": "dc246ae5-071f-42b0-bc09-85c80c2bce58",
          "title": "Verify Autocomplete dropdown lists via webdriveruni",
          "fullFile": "",
          "file": "",
          "beforeHooks": [],
          "afterHooks": [],
          "tests": [
            {
              "title": "Select specific product via autocomplete list",
              "fullTitle": "Verify Autocomplete dropdown lists via webdriveruni Select specific product via autocomplete list",
              "timedOut": null,
              "duration": 3338,
              "state": "passed",
              "speed": "slow",
              "pass": true,
              "fail": false,
              "pending": false,
              "context": null,
              "code": "cy.visit(\"/\");\ncy.get('#autocomplete-textfield').invoke('removeAttr', 'target').click({\n  force: true\n});\ncy.get('#myInput').type('A');\ncy.get('#myInputautocomplete-list > *').each(($el, index, $list) => {\n  const prod = $el.text();\n  const productToSelect = 'Avacado';\n  if (prod === productToSelect) {\n    //$el.click();\n    $el.trigger(\"click\");\n    cy.get('#submit-button').click();\n    cy.url().should('include', productToSelect);\n  }\n}).then(() => {\n  cy.get('#myInput').type('G');\n  cy.get('#myInputautocomplete-list > *').each(($el, index, $list) => {\n    const prod = $el.text();\n    const productToSelect = 'Grapes';\n    if (prod === productToSelect) {\n      //$el.click();\n      $el.trigger(\"click\");\n      cy.get('#submit-button').click();\n      cy.url().should('include', productToSelect);\n    }\n  });\n});",
              "err": {},
              "uuid": "874fdeee-b6c1-4113-b31a-e5375602cae2",
              "parentUUID": "dc246ae5-071f-42b0-bc09-85c80c2bce58",
              "isHook": false,
              "skipped": false
            }
          ],
          "suites": [],
          "passes": [
            "874fdeee-b6c1-4113-b31a-e5375602cae2"
          ],
          "failures": [],
          "pending": [],
          "skipped": [],
          "duration": 3338,
          "root": false,
          "rootEmpty": false,
          "_timeout": 2000
        }
      ],
      "passes": [],
      "failures": [],
      "pending": [],
      "skipped": [],
      "duration": 0,
      "root": true,
      "rootEmpty": true,
      "_timeout": 2000
    },
    {
      "uuid": "57a74673-c10c-4f92-8587-ddd78e3d09f5",
      "title": "",
      "fullFile": "cypress/integration/webdriver-uni/browser-navigation.js",
      "file": "cypress/integration/webdriver-uni/browser-navigation.js",
      "beforeHooks": [],
      "afterHooks": [],
      "tests": [],
      "suites": [
        {
          "uuid": "5d05311d-842c-47e6-b9e4-dcb62448f017",
          "title": "Validate webdriveruni homepage links",
          "fullFile": "",
          "file": "",
          "beforeHooks": [],
          "afterHooks": [],
          "tests": [
            {
              "title": "Confirm links redirect to the correct pages",
              "fullTitle": "Validate webdriveruni homepage links Confirm links redirect to the correct pages",
              "timedOut": null,
              "duration": 5813,
              "state": "passed",
              "speed": "slow",
              "pass": true,
              "fail": false,
              "pending": false,
              "context": null,
              "code": "cy.visit(\"http://www.webdriveruniversity.com\");\ncy.get('#contact-us').invoke('removeAttr', 'target').click({\n  force: true\n});\ncy.url().should('include', 'contactus');\ncy.go('back');\ncy.reload();\ncy.url().should('include', 'http://www.webdriveruniversity.com/'); //cy.reload(true) //reload the page without using cache\ncy.go('forward');\ncy.url().should('include', 'contactus');\ncy.go('back');\ncy.get('#login-portal').invoke('removeAttr', 'target').click({\n  force: true\n});\ncy.url().should('include', 'Login-Portal');\ncy.go('back');\ncy.get('#to-do-list').invoke('removeAttr', 'target').click({\n  force: true\n});\ncy.url().should('include', 'To-Do-List');\ncy.go('back');",
              "err": {},
              "uuid": "1e4421cb-06cc-4382-a52f-daff65071a38",
              "parentUUID": "5d05311d-842c-47e6-b9e4-dcb62448f017",
              "isHook": false,
              "skipped": false
            }
          ],
          "suites": [],
          "passes": [
            "1e4421cb-06cc-4382-a52f-daff65071a38"
          ],
          "failures": [],
          "pending": [],
          "skipped": [],
          "duration": 5813,
          "root": false,
          "rootEmpty": false,
          "_timeout": 2000
        }
      ],
      "passes": [],
      "failures": [],
      "pending": [],
      "skipped": [],
      "duration": 0,
      "root": true,
      "rootEmpty": true,
      "_timeout": 2000
    },
    {
      "uuid": "96e61352-9360-4aad-b54a-a4789596fc3e",
      "title": "",
      "fullFile": "cypress/integration/webdriver-uni/checkboxes.js",
      "file": "cypress/integration/webdriver-uni/checkboxes.js",
      "beforeHooks": [],
      "afterHooks": [],
      "tests": [],
      "suites": [
        {
          "uuid": "cb6d1be7-a99c-4763-83b9-d9fddff4029a",
          "title": "Verify checkboxes via webdriveruni",
          "fullFile": "",
          "file": "",
          "beforeHooks": [],
          "afterHooks": [],
          "tests": [
            {
              "title": "Check and validate checkbox",
              "fullTitle": "Verify checkboxes via webdriveruni Check and validate checkbox",
              "timedOut": null,
              "duration": 946,
              "state": "passed",
              "speed": "slow",
              "pass": true,
              "fail": false,
              "pending": false,
              "context": null,
              "code": "//cy.get('#checkboxes > :nth-child(1) > input').check().should('be.checked')\ncy.get('#checkboxes > :nth-child(1) > input').check().as('option-1');\ncy.get('@option-1').check().should('be.checked');",
              "err": {},
              "uuid": "1cd809e3-e17c-49a1-99b4-714b7bc6b69d",
              "parentUUID": "cb6d1be7-a99c-4763-83b9-d9fddff4029a",
              "isHook": false,
              "skipped": false
            },
            {
              "title": "Uncheck and validate checkbox",
              "fullTitle": "Verify checkboxes via webdriveruni Uncheck and validate checkbox",
              "timedOut": null,
              "duration": 219,
              "state": "passed",
              "speed": "slow",
              "pass": true,
              "fail": false,
              "pending": false,
              "context": null,
              "code": "cy.get(':nth-child(5) > input').uncheck().as('option-3');\ncy.get('@option-3').uncheck().should('not.be.checked');",
              "err": {},
              "uuid": "7874b6b8-b50d-4c63-baa7-7ec6ca8c7a0d",
              "parentUUID": "cb6d1be7-a99c-4763-83b9-d9fddff4029a",
              "isHook": false,
              "skipped": false
            },
            {
              "title": "Check multiple checkboxes",
              "fullTitle": "Verify checkboxes via webdriveruni Check multiple checkboxes",
              "timedOut": null,
              "duration": 429,
              "state": "passed",
              "speed": "slow",
              "pass": true,
              "fail": false,
              "pending": false,
              "context": null,
              "code": "cy.get(\"input[type='checkbox']\").check([\"option-1\", \"option-2\", \"option-3\", \"option-4\"]).should('be.checked');",
              "err": {},
              "uuid": "f3b7f6a9-3b17-4c01-a194-4b327c766cd8",
              "parentUUID": "cb6d1be7-a99c-4763-83b9-d9fddff4029a",
              "isHook": false,
              "skipped": false
            }
          ],
          "suites": [],
          "passes": [
            "1cd809e3-e17c-49a1-99b4-714b7bc6b69d",
            "7874b6b8-b50d-4c63-baa7-7ec6ca8c7a0d",
            "f3b7f6a9-3b17-4c01-a194-4b327c766cd8"
          ],
          "failures": [],
          "pending": [],
          "skipped": [],
          "duration": 1594,
          "root": false,
          "rootEmpty": false,
          "_timeout": 2000
        }
      ],
      "passes": [],
      "failures": [],
      "pending": [],
      "skipped": [],
      "duration": 0,
      "root": true,
      "rootEmpty": true,
      "_timeout": 2000
    },
    {
      "uuid": "3d875180-f3b3-4148-8b2b-8d7535081c93",
      "title": "",
      "fullFile": "cypress/integration/webdriver-uni/contact-us.js",
      "file": "cypress/integration/webdriver-uni/contact-us.js",
      "beforeHooks": [],
      "afterHooks": [],
      "tests": [],
      "suites": [
        {
          "uuid": "2748b810-0f75-45bf-aeb0-14e0693047c7",
          "title": "Test Contact Us form via WebdriverUni",
          "fullFile": "",
          "file": "",
          "beforeHooks": [],
          "afterHooks": [],
          "tests": [
            {
              "title": "Should be able to submit a successful submission via conact us form",
              "fullTitle": "Test Contact Us form via WebdriverUni Should be able to submit a successful submission via conact us form",
              "timedOut": null,
              "duration": 8292,
              "state": "passed",
              "speed": "slow",
              "pass": true,
              "fail": false,
              "pending": false,
              "context": null,
              "code": "cy.document().should('have.property', 'charset').and('eq', 'UTF-8');\ncy.title().should('include', 'WebDriver | Contact Us');\ncy.url().should('include', 'contactus'); //cy.get('#contact-us').click({force: true})\n// cy.get('[name=\"first_name\"]').type(data.first_name);\n// cy.get('[name=\"last_name\"]').type(data.last_name);\n// cy.get('[name=\"email\"]').type(data.email);\n// cy.get('textarea.feedback-input').type(\"Hello. My name is Joe Simple. I'm learning test automation\")\n// cy.get('[type=\"submit\"]').click()\n// cy.get('h1').should('have.text', 'Thank You for your Message!')\n//cy.webdriverUni_ContactForm_Submission(\n// Cypress.env(\"first_name\"), \n// data.last_name, \n// data.email, \n// \"Hello. My name is Joe Simple. I'm learning test automation\", \n// 'h1', \n// 'Thank You for your Message!');\ncontact_Us_PO.contactForm_Submission(Cypress.env(\"first_name\"), data.last_name, data.email, \"Hello. My name is Joe Simple. I'm learning test automation\", 'h1', 'Thank You for your Message!');",
              "err": {},
              "uuid": "32df6bb1-9521-4a93-a868-62e3b09cb81b",
              "parentUUID": "2748b810-0f75-45bf-aeb0-14e0693047c7",
              "isHook": false,
              "skipped": false
            },
            {
              "title": "Should not be able to submit a successful submission via conact us form, all fields required",
              "fullTitle": "Test Contact Us form via WebdriverUni Should not be able to submit a successful submission via conact us form, all fields required",
              "timedOut": null,
              "duration": 5607,
              "state": "passed",
              "speed": "slow",
              "pass": true,
              "fail": false,
              "pending": false,
              "context": null,
              "code": "// cy.get('[name=\"first_name\"]').type(\"Tom\")\n// cy.get('[name=\"last_name\"]').type(\"Simple\")\n// cy.get('textarea.feedback-input').type(\"Hello. My name is Joe Simple. I'm learning test automation\")\n// cy.get('[type=\"submit\"]').click()\n// cy.get('body').contains('Error: all fields are required');\n// cy.webdriverUni_ContactForm_Submission(data.first_name, data.last_name, \" \", \"Hello. My name is Joe Simple. I'm learning test automation\", 'body', 'Error: Invalid email address');\ncontact_Us_PO.contactForm_Submission(data.first_name, data.last_name, \" \", \"Hello. My name is Joe Simple. I'm learning test automation\", 'body', 'Error: Invalid email address');",
              "err": {},
              "uuid": "c355d047-6a3c-4188-8db6-5edc7095bdb4",
              "parentUUID": "2748b810-0f75-45bf-aeb0-14e0693047c7",
              "isHook": false,
              "skipped": false
            }
          ],
          "suites": [],
          "passes": [
            "32df6bb1-9521-4a93-a868-62e3b09cb81b",
            "c355d047-6a3c-4188-8db6-5edc7095bdb4"
          ],
          "failures": [],
          "pending": [],
          "skipped": [],
          "duration": 13899,
          "root": false,
          "rootEmpty": false,
          "_timeout": 2000
        }
      ],
      "passes": [],
      "failures": [],
      "pending": [],
      "skipped": [],
      "duration": 0,
      "root": true,
      "rootEmpty": true,
      "_timeout": 2000
    },
    {
      "uuid": "853c7b0e-9f29-4396-a7c6-8eb840cee96c",
      "title": "",
      "fullFile": "cypress/integration/webdriver-uni/data-tables.js",
      "file": "cypress/integration/webdriver-uni/data-tables.js",
      "beforeHooks": [],
      "afterHooks": [],
      "tests": [],
      "suites": [
        {
          "uuid": "429de2f6-3fc8-497c-a06a-c675aaeb6a8c",
          "title": "Handling data via webdriveruni",
          "fullFile": "",
          "file": "",
          "beforeHooks": [],
          "afterHooks": [],
          "tests": [
            {
              "title": "Calculate and assert the total age of all users",
              "fullTitle": "Handling data via webdriveruni Calculate and assert the total age of all users",
              "timedOut": null,
              "duration": 2442,
              "state": "passed",
              "speed": "slow",
              "pass": true,
              "fail": false,
              "pending": false,
              "context": null,
              "code": "var userDetails = [];\nlet numb = 0;\ncy.get('#thumbnail-1 td').each(($el, index, $list) => {\n  userDetails[index] = $el.text();\n}).then(() => {\n  var i;\n  for (i = 0; i < userDetails.length; i++) {\n    if (Number(userDetails[i])) {\n      numb += Number(userDetails[i]);\n    }\n    cy.log(userDetails[i]);\n  }\n  cy.log(\"Found total age: \" + numb);\n  expect(numb).to.eq(322);\n});",
              "err": {},
              "uuid": "8c91db50-44e5-4a8a-b01b-d27078e24217",
              "parentUUID": "429de2f6-3fc8-497c-a06a-c675aaeb6a8c",
              "isHook": false,
              "skipped": false
            },
            {
              "title": "Calculate the and assert the age of a given user based on last name",
              "fullTitle": "Handling data via webdriveruni Calculate the and assert the age of a given user based on last name",
              "timedOut": null,
              "duration": 519,
              "state": "passed",
              "speed": "slow",
              "pass": true,
              "fail": false,
              "pending": false,
              "context": null,
              "code": "cy.get('#thumbnail-1 tr td:nth-child(2)').each(($el, index, $list) => {\n  const text = $el.text();\n  if (text.includes(\"Woods\")) {\n    cy.get('#thumbnail-1 tr td:nth-child(2)').eq(index).next().then(function (age) {\n      const userAge = age.text();\n      expect(userAge).to.equal(\"80\");\n    });\n  }\n});",
              "err": {},
              "uuid": "5618f27e-0474-42be-99ac-276026c8364e",
              "parentUUID": "429de2f6-3fc8-497c-a06a-c675aaeb6a8c",
              "isHook": false,
              "skipped": false
            }
          ],
          "suites": [],
          "passes": [
            "8c91db50-44e5-4a8a-b01b-d27078e24217",
            "5618f27e-0474-42be-99ac-276026c8364e"
          ],
          "failures": [],
          "pending": [],
          "skipped": [],
          "duration": 2961,
          "root": false,
          "rootEmpty": false,
          "_timeout": 2000
        }
      ],
      "passes": [],
      "failures": [],
      "pending": [],
      "skipped": [],
      "duration": 0,
      "root": true,
      "rootEmpty": true,
      "_timeout": 2000
    },
    {
      "uuid": "f1b60763-913b-4714-803e-d61c62f63924",
      "title": "",
      "fullFile": "cypress/integration/webdriver-uni/datepicker.js",
      "file": "cypress/integration/webdriver-uni/datepicker.js",
      "beforeHooks": [],
      "afterHooks": [],
      "tests": [],
      "suites": [
        {
          "uuid": "af93167e-042e-4a75-ae86-2425951b56d8",
          "title": "Test Datepicker via webdriveruni",
          "fullFile": "",
          "file": "",
          "beforeHooks": [],
          "afterHooks": [],
          "tests": [
            {
              "title": "Select date from the datepicker",
              "fullTitle": "Test Datepicker via webdriveruni Select date from the datepicker",
              "timedOut": null,
              "duration": 3905,
              "state": "passed",
              "speed": "slow",
              "pass": true,
              "fail": false,
              "pending": false,
              "context": null,
              "code": "cy.visit(\"http://www.webdriveruniversity.com\");\ncy.get('#datepicker').invoke('removeAttr', 'target').click({\n  force: true\n});\ncy.get('#datepicker').click();\nvar date = new Date();\ndate.setDate(date.getDate() + 365);\nvar futureYear = date.getFullYear();\nvar futureMonth = date.toLocaleString(\"default\", {\n  month: \"long\"\n});\nvar futureDay = date.getDate();\ncy.log(\"Future year to select: \" + futureYear);\ncy.log(\"Future month to select: \" + futureMonth);\ncy.log(\"Future day to select: \" + futureDay);\nfunction selectMonthAndYear() {\n  cy.get('.datepicker-dropdown').find('.datepicker-switch').first().then(currentDate => {\n    if (!currentDate.text().includes(futureYear)) {\n      cy.get('.next').first().click();\n      selectMonthAndYear();\n    }\n  }).then(() => {\n    cy.get('.datepicker-dropdown').find('.datepicker-switch').first().then(currentDate => {\n      if (!currentDate.text().includes(futureMonth)) {\n        cy.get('.next').first().click();\n        selectMonthAndYear();\n      }\n    });\n  });\n}\nfunction selectFutureDay() {\n  cy.get('[class=\"day\"]').contains(futureDay).click();\n}\nselectMonthAndYear();\nselectFutureDay();",
              "err": {},
              "uuid": "daf3c26e-a7c0-474c-8112-6681fb867c59",
              "parentUUID": "af93167e-042e-4a75-ae86-2425951b56d8",
              "isHook": false,
              "skipped": false
            }
          ],
          "suites": [],
          "passes": [
            "daf3c26e-a7c0-474c-8112-6681fb867c59"
          ],
          "failures": [],
          "pending": [],
          "skipped": [],
          "duration": 3905,
          "root": false,
          "rootEmpty": false,
          "_timeout": 2000
        }
      ],
      "passes": [],
      "failures": [],
      "pending": [],
      "skipped": [],
      "duration": 0,
      "root": true,
      "rootEmpty": true,
      "_timeout": 2000
    },
    {
      "uuid": "336be061-23b9-4a52-929d-7d100030e14a",
      "title": "",
      "fullFile": "cypress/integration/webdriver-uni/file-upload.js",
      "file": "cypress/integration/webdriver-uni/file-upload.js",
      "beforeHooks": [],
      "afterHooks": [],
      "tests": [],
      "suites": [
        {
          "uuid": "b2d1a991-7d81-426d-a8a8-b568327d540a",
          "title": "Test file upload via webdriveruni",
          "fullFile": "",
          "file": "",
          "beforeHooks": [],
          "afterHooks": [],
          "tests": [
            {
              "title": "Upload a file",
              "fullTitle": "Test file upload via webdriveruni Upload a file",
              "timedOut": null,
              "duration": 1953,
              "state": "passed",
              "speed": "slow",
              "pass": true,
              "fail": false,
              "pending": false,
              "context": null,
              "code": "cy.visit(\"http://www.webdriveruniversity.com\");\ncy.get('#file-upload').invoke('removeAttr', 'target').click({\n  force: true\n}); // By default JSON files are stored in 'fixtures' folder and then used for further manipulations\n// Therefore, for JSON files we would not need to provide the same level of detailsc\n// Other file formats require additional details in order to upload correctly\n// cy.fixture() points to the .png file in our local 'fixtures' folder\n// Then we use 'then' command to locate and access our destination for further file upload\n// Next we use .attachFile() command to specify all necessary file specs, which allow cypress to read and upload file correctly\ncy.fixture(\"laptop.png\", \"base64\").then(fileContent => {\n  cy.get('#myFile').attachFile({\n    fileContent,\n    fileName: \"laptop.png\",\n    mimeType: \"image/png\"\n  }, {\n    uploadType: \"input\"\n  });\n});\ncy.get(\"#submit-button\").click();",
              "err": {},
              "uuid": "b9211976-fe6f-473d-9ea5-35875e1054fd",
              "parentUUID": "b2d1a991-7d81-426d-a8a8-b568327d540a",
              "isHook": false,
              "skipped": false
            },
            {
              "title": "Upload no file",
              "fullTitle": "Test file upload via webdriveruni Upload no file",
              "timedOut": null,
              "duration": 682,
              "state": "passed",
              "speed": "slow",
              "pass": true,
              "fail": false,
              "pending": false,
              "context": null,
              "code": "cy.visit(\"http://www.webdriveruniversity.com\");\ncy.get('#file-upload').invoke('removeAttr', 'target').click({\n  force: true\n});\ncy.get(\"#submit-button\").click();",
              "err": {},
              "uuid": "d06340e1-73b4-436c-a52d-2ad3c7dac9e7",
              "parentUUID": "b2d1a991-7d81-426d-a8a8-b568327d540a",
              "isHook": false,
              "skipped": false
            }
          ],
          "suites": [],
          "passes": [
            "b9211976-fe6f-473d-9ea5-35875e1054fd",
            "d06340e1-73b4-436c-a52d-2ad3c7dac9e7"
          ],
          "failures": [],
          "pending": [],
          "skipped": [],
          "duration": 2635,
          "root": false,
          "rootEmpty": false,
          "_timeout": 2000
        }
      ],
      "passes": [],
      "failures": [],
      "pending": [],
      "skipped": [],
      "duration": 0,
      "root": true,
      "rootEmpty": true,
      "_timeout": 2000
    },
    {
      "uuid": "2a2c63eb-3755-4b21-9634-7a4a6009d834",
      "title": "",
      "fullFile": "cypress/integration/webdriver-uni/iframe.js",
      "file": "cypress/integration/webdriver-uni/iframe.js",
      "beforeHooks": [],
      "afterHooks": [],
      "tests": [],
      "suites": [
        {
          "uuid": "896e73c4-2561-4746-8f92-4c186e9076e7",
          "title": "Handling IFrame & Modals",
          "fullFile": "",
          "file": "",
          "beforeHooks": [],
          "afterHooks": [],
          "tests": [
            {
              "title": "Handling webdriveruni iframe and modal",
              "fullTitle": "Handling IFrame & Modals Handling webdriveruni iframe and modal",
              "timedOut": null,
              "duration": 11880,
              "state": "failed",
              "speed": null,
              "pass": false,
              "fail": true,
              "pending": false,
              "context": null,
              "code": "cy.visit(\"http://www.webdriveruniversity.com\");\ncy.get('#iframe').invoke('removeAttr', 'target').click({\n  force: true\n});\ncy.get('#iframe').then($iframe => {\n  const body = $iframe.contents().find('body');\n  cy.wrap(body).as('iframe');\n});\ncy.get('@iframe').find('#button-find-out-more').click();\ncy.get('@iframe').find('#myModal').as('modal');\ncy.get('@modal').should($expectedText => {\n  const text = $expectedText.text();\n  expect(text).to.include('Welcome to webdriveruniversity.com we sell a wide range of electrical goods');\n});\ncy.get('@modal').contains('Close').click();",
              "err": {
                "message": "AssertionError: Timed out retrying after 10000ms: Expected to find element: `#iframe`, but never found it.",
                "estack": "AssertionError: Timed out retrying after 10000ms: Expected to find element: `#iframe`, but never found it.\n    at Context.eval (http://www.webdriveruniversity.com/__cypress/tests?p=cypress\\integration\\webdriver-uni\\iframe.js:106:8)",
                "diff": null
              },
              "uuid": "d439eef5-210c-4314-8eee-4c18bbff2ac0",
              "parentUUID": "896e73c4-2561-4746-8f92-4c186e9076e7",
              "isHook": false,
              "skipped": false
            }
          ],
          "suites": [],
          "passes": [],
          "failures": [
            "d439eef5-210c-4314-8eee-4c18bbff2ac0"
          ],
          "pending": [],
          "skipped": [],
          "duration": 11880,
          "root": false,
          "rootEmpty": false,
          "_timeout": 2000
        }
      ],
      "passes": [],
      "failures": [],
      "pending": [],
      "skipped": [],
      "duration": 0,
      "root": true,
      "rootEmpty": true,
      "_timeout": 2000
    },
    {
      "uuid": "5b29d3c6-7b73-49cc-a3fb-4ad2c56c724e",
      "title": "",
      "fullFile": "cypress/integration/webdriver-uni/js-alerts.js",
      "file": "cypress/integration/webdriver-uni/js-alerts.js",
      "beforeHooks": [],
      "afterHooks": [],
      "tests": [],
      "suites": [
        {
          "uuid": "48fd53f2-a16c-44b2-ae03-7c9fb271c884",
          "title": "Handle js alerts",
          "fullFile": "",
          "file": "",
          "beforeHooks": [],
          "afterHooks": [],
          "tests": [
            {
              "title": "Validate js confirm alert box using a stub",
              "fullTitle": "Handle js alerts Validate js confirm alert box using a stub",
              "timedOut": null,
              "duration": 1920,
              "state": "passed",
              "speed": "slow",
              "pass": true,
              "fail": false,
              "pending": false,
              "context": null,
              "code": "cy.visit(\"http://www.webdriveruniversity.com\");\ncy.get('#popup-alerts').invoke('removeAttr', 'target').click({\n  force: true\n}); // We are going to link our event to the stub: when the event gets fired,\n// We are goint to use the stub to record and store the result of the event in the stub\nconst stub = cy.stub();\ncy.on('window:confirm', stub); // Our stub is going to assure that our js alert is being called with the correct message\ncy.get('#button4').click().then(() => {\n  expect(stub.getCall(0)).to.be.calledWith('Press a button!');\n}).then(() => {\n  return true;\n}).then(() => {\n  cy.get('#confirm-alert-text').contains('You pressed OK!');\n});",
              "err": {},
              "uuid": "c216cfed-0e12-43fd-a6fb-11a055f25b18",
              "parentUUID": "48fd53f2-a16c-44b2-ae03-7c9fb271c884",
              "isHook": false,
              "skipped": false
            }
          ],
          "suites": [],
          "passes": [
            "c216cfed-0e12-43fd-a6fb-11a055f25b18"
          ],
          "failures": [],
          "pending": [],
          "skipped": [],
          "duration": 1920,
          "root": false,
          "rootEmpty": false,
          "_timeout": 2000
        }
      ],
      "passes": [],
      "failures": [],
      "pending": [],
      "skipped": [],
      "duration": 0,
      "root": true,
      "rootEmpty": true,
      "_timeout": 2000
    },
    {
      "uuid": "080de784-20a7-4f2f-972c-fe6a6aedc516",
      "title": "",
      "fullFile": "cypress/integration/webdriver-uni/mouse-actions.js",
      "file": "cypress/integration/webdriver-uni/mouse-actions.js",
      "beforeHooks": [],
      "afterHooks": [],
      "tests": [],
      "suites": [
        {
          "uuid": "e9e5bdb8-f15a-4964-9d6f-d1caf0ad6d49",
          "title": "Test mouse actions",
          "fullFile": "",
          "file": "",
          "beforeHooks": [],
          "afterHooks": [],
          "tests": [
            {
              "title": "Scroll element into view",
              "fullTitle": "Test mouse actions Scroll element into view",
              "timedOut": null,
              "duration": 1774,
              "state": "passed",
              "speed": "slow",
              "pass": true,
              "fail": false,
              "pending": false,
              "context": null,
              "code": "cy.visit(\"http://www.webdriveruniversity.com\");\ncy.get('#actions').scrollIntoView().invoke('removeAttr', 'target').click({\n  force: true\n});",
              "err": {},
              "uuid": "20b30adb-a928-4d99-9921-846ea9cd8972",
              "parentUUID": "e9e5bdb8-f15a-4964-9d6f-d1caf0ad6d49",
              "isHook": false,
              "skipped": false
            },
            {
              "title": "I should be able to drag and drop a draggable item",
              "fullTitle": "Test mouse actions I should be able to drag and drop a draggable item",
              "timedOut": null,
              "duration": 541,
              "state": "passed",
              "speed": "slow",
              "pass": true,
              "fail": false,
              "pending": false,
              "context": null,
              "code": "cy.visit(\"http://www.webdriveruniversity.com\");\ncy.get('#actions').scrollIntoView().invoke('removeAttr', 'target').click({\n  force: true\n});\ncy.get('#draggable').trigger('mousedown', {\n  which: 1\n});\ncy.get('#droppable').trigger('mousemove').trigger('mouseup', {\n  force: true\n});",
              "err": {},
              "uuid": "74e5c2d0-441e-4dfe-ac5d-f90f70b664c5",
              "parentUUID": "e9e5bdb8-f15a-4964-9d6f-d1caf0ad6d49",
              "isHook": false,
              "skipped": false
            },
            {
              "title": "I should be able to perform a double mouse click",
              "fullTitle": "Test mouse actions I should be able to perform a double mouse click",
              "timedOut": null,
              "duration": 581,
              "state": "passed",
              "speed": "slow",
              "pass": true,
              "fail": false,
              "pending": false,
              "context": null,
              "code": "cy.visit(\"http://www.webdriveruniversity.com\");\ncy.get('#actions').scrollIntoView().invoke('removeAttr', 'target').click({\n  force: true\n});\ncy.get('#double-click').dblclick();",
              "err": {},
              "uuid": "752f22a3-591a-4ec5-b3a2-68948a1f53c6",
              "parentUUID": "e9e5bdb8-f15a-4964-9d6f-d1caf0ad6d49",
              "isHook": false,
              "skipped": false
            },
            {
              "title": "I should be able to hold down the left mouse click button on a given element",
              "fullTitle": "Test mouse actions I should be able to hold down the left mouse click button on a given element",
              "timedOut": null,
              "duration": 524,
              "state": "passed",
              "speed": "slow",
              "pass": true,
              "fail": false,
              "pending": false,
              "context": null,
              "code": "cy.visit(\"http://www.webdriveruniversity.com\");\ncy.get('#actions').scrollIntoView().invoke('removeAttr', 'target').click({\n  force: true\n});\ncy.get('#click-box').trigger('mousedown', {\n  which: 1\n}).then($element => {\n  expect($element).to.have.css('background-color', 'rgb(0, 255, 0)');\n});",
              "err": {},
              "uuid": "c2581176-a9fa-401d-8527-29532761fbc2",
              "parentUUID": "e9e5bdb8-f15a-4964-9d6f-d1caf0ad6d49",
              "isHook": false,
              "skipped": false
            }
          ],
          "suites": [],
          "passes": [
            "20b30adb-a928-4d99-9921-846ea9cd8972",
            "74e5c2d0-441e-4dfe-ac5d-f90f70b664c5",
            "752f22a3-591a-4ec5-b3a2-68948a1f53c6",
            "c2581176-a9fa-401d-8527-29532761fbc2"
          ],
          "failures": [],
          "pending": [],
          "skipped": [],
          "duration": 3420,
          "root": false,
          "rootEmpty": false,
          "_timeout": 2000
        }
      ],
      "passes": [],
      "failures": [],
      "pending": [],
      "skipped": [],
      "duration": 0,
      "root": true,
      "rootEmpty": true,
      "_timeout": 2000
    },
    {
      "uuid": "a0370447-aabd-4571-a85a-dbc21f0e136f",
      "title": "",
      "fullFile": "cypress/integration/webdriver-uni/radio-buttons.js",
      "file": "cypress/integration/webdriver-uni/radio-buttons.js",
      "beforeHooks": [],
      "afterHooks": [],
      "tests": [],
      "suites": [
        {
          "uuid": "2733e05b-306c-4863-b16a-79e251ac91fa",
          "title": "Verify radio buttons via webdriveruni",
          "fullFile": "",
          "file": "",
          "beforeHooks": [],
          "afterHooks": [],
          "tests": [
            {
              "title": "Check specific radio buttons",
              "fullTitle": "Verify radio buttons via webdriveruni Check specific radio buttons",
              "timedOut": null,
              "duration": 1638,
              "state": "passed",
              "speed": "slow",
              "pass": true,
              "fail": false,
              "pending": false,
              "context": null,
              "code": "//cy.get('#radio-buttons').find(\"[type='radio']\").first().check()\n//cy.get('#radio-buttons').find(\"[type='radio']\").last().check()\ncy.get('#radio-buttons').find(\"[type='radio']\").eq(1).check(); // selects the 2nd radio button - eq(1)",
              "err": {},
              "uuid": "0ebbd4a3-d6d4-4542-92b4-8297d2a327f9",
              "parentUUID": "2733e05b-306c-4863-b16a-79e251ac91fa",
              "isHook": false,
              "skipped": false
            },
            {
              "title": "Validates state of specific radio buttons",
              "fullTitle": "Verify radio buttons via webdriveruni Validates state of specific radio buttons",
              "timedOut": null,
              "duration": 112,
              "state": "passed",
              "speed": "slow",
              "pass": true,
              "fail": false,
              "pending": false,
              "context": null,
              "code": "cy.get(\"[value='lettuce']\").should('not.be.checked');\ncy.get(\"[value='pumpkin']\").should('be.checked');\ncy.get(\"[value='lettuce']\").check().should('be.checked');\ncy.get(\"[value='pumpkin']\").should('not.be.checked');\ncy.get(\"[value='cabbage']\").should('be.disabled');",
              "err": {},
              "uuid": "d4aaf0ae-736b-419d-9cb6-5a8cd5e3427a",
              "parentUUID": "2733e05b-306c-4863-b16a-79e251ac91fa",
              "isHook": false,
              "skipped": false
            }
          ],
          "suites": [],
          "passes": [
            "0ebbd4a3-d6d4-4542-92b4-8297d2a327f9",
            "d4aaf0ae-736b-419d-9cb6-5a8cd5e3427a"
          ],
          "failures": [],
          "pending": [],
          "skipped": [],
          "duration": 1750,
          "root": false,
          "rootEmpty": false,
          "_timeout": 2000
        }
      ],
      "passes": [],
      "failures": [],
      "pending": [],
      "skipped": [],
      "duration": 0,
      "root": true,
      "rootEmpty": true,
      "_timeout": 2000
    },
    {
      "uuid": "7cef3085-c240-4e2b-bd98-d9f72d8232ba",
      "title": "",
      "fullFile": "cypress/integration/webdriver-uni/select-dropdown-list.js",
      "file": "cypress/integration/webdriver-uni/select-dropdown-list.js",
      "beforeHooks": [],
      "afterHooks": [],
      "tests": [],
      "suites": [
        {
          "uuid": "1aeda79d-fd36-4c45-a212-3c1d055f2eb5",
          "title": "Interact with dropdown lists via webdriveruni",
          "fullFile": "",
          "file": "",
          "beforeHooks": [],
          "afterHooks": [],
          "tests": [
            {
              "title": "Select specific via select dropdown lists",
              "fullTitle": "Interact with dropdown lists via webdriveruni Select specific via select dropdown lists",
              "timedOut": null,
              "duration": 2131,
              "state": "passed",
              "speed": "slow",
              "pass": true,
              "fail": false,
              "pending": false,
              "context": null,
              "code": "cy.visit(\"http://www.webdriveruniversity.com\");\ncy.get('#dropdown-checkboxes-radiobuttons').invoke('removeAttr', 'target').click({\n  force: true\n});\ncy.get('#dropdowm-menu-1').select('c#');\ncy.get('#dropdowm-menu-2').select('testng').should('have.value', 'testng'); // selected based on teh option's value attribute\ncy.get('#dropdowm-menu-3').select('JQuery').contains('JQuery'); // selectted based on the option's text",
              "err": {},
              "uuid": "1d91bd69-f36d-475f-9ab7-d03fa7a7a48b",
              "parentUUID": "1aeda79d-fd36-4c45-a212-3c1d055f2eb5",
              "isHook": false,
              "skipped": false
            }
          ],
          "suites": [],
          "passes": [
            "1d91bd69-f36d-475f-9ab7-d03fa7a7a48b"
          ],
          "failures": [],
          "pending": [],
          "skipped": [],
          "duration": 2131,
          "root": false,
          "rootEmpty": false,
          "_timeout": 2000
        }
      ],
      "passes": [],
      "failures": [],
      "pending": [],
      "skipped": [],
      "duration": 0,
      "root": true,
      "rootEmpty": true,
      "_timeout": 2000
    },
    {
      "uuid": "0bea650f-399d-49d1-87b6-0cfe8ff68367",
      "title": "",
      "fullFile": "cypress/integration/webdriver-uni/traversing-elements.js",
      "file": "cypress/integration/webdriver-uni/traversing-elements.js",
      "beforeHooks": [],
      "afterHooks": [],
      "tests": [],
      "suites": [
        {
          "uuid": "4c49dd0a-f4a5-4787-8d28-bcebd6655ae1",
          "title": "Traversing DOM elements in Cypress",
          "fullFile": "",
          "file": "",
          "beforeHooks": [],
          "afterHooks": [],
          "tests": [
            {
              "title": "children() to get the children of DOM elements",
              "fullTitle": "Traversing DOM elements in Cypress children() to get the children of DOM elements",
              "timedOut": null,
              "duration": 1996,
              "state": "passed",
              "speed": "slow",
              "pass": true,
              "fail": false,
              "pending": false,
              "context": null,
              "code": "cy.get('.traversal-breadcrumb').children('.active').should('contain', 'Contact Us');",
              "err": {},
              "uuid": "dcda6928-be5a-49b0-a15c-505be1808d05",
              "parentUUID": "4c49dd0a-f4a5-4787-8d28-bcebd6655ae1",
              "isHook": false,
              "skipped": false
            },
            {
              "title": "closest() to validate the closest ancestor DOM element",
              "fullTitle": "Traversing DOM elements in Cypress closest() to validate the closest ancestor DOM element",
              "timedOut": null,
              "duration": 498,
              "state": "passed",
              "speed": "slow",
              "pass": true,
              "fail": false,
              "pending": false,
              "context": null,
              "code": "cy.get('.traversal-badge').closest('ul').should('have.class', 'list-group');",
              "err": {},
              "uuid": "5d16e5cb-b896-4f4e-9599-fce10c040a3d",
              "parentUUID": "4c49dd0a-f4a5-4787-8d28-bcebd6655ae1",
              "isHook": false,
              "skipped": false
            },
            {
              "title": "eq() to retrieve a specific element based on index",
              "fullTitle": "Traversing DOM elements in Cypress eq() to retrieve a specific element based on index",
              "timedOut": null,
              "duration": 499,
              "state": "passed",
              "speed": "slow",
              "pass": true,
              "fail": false,
              "pending": false,
              "context": null,
              "code": "cy.get('.traversal-drinks-list>*').eq(2).should('contain', 'Milk');",
              "err": {},
              "uuid": "e25e145c-5667-4b8f-8406-8fa196a6c5bd",
              "parentUUID": "4c49dd0a-f4a5-4787-8d28-bcebd6655ae1",
              "isHook": false,
              "skipped": false
            },
            {
              "title": "filter() to retrieve DOM elements that match a specific selector",
              "fullTitle": "Traversing DOM elements in Cypress filter() to retrieve DOM elements that match a specific selector",
              "timedOut": null,
              "duration": 496,
              "state": "passed",
              "speed": "slow",
              "pass": true,
              "fail": false,
              "pending": false,
              "context": null,
              "code": "cy.get('.btn-group-toggle>*').filter('.active').should('contain', 'Button-1');",
              "err": {},
              "uuid": "cdf3da8d-2565-43a5-91de-840553ca410b",
              "parentUUID": "4c49dd0a-f4a5-4787-8d28-bcebd6655ae1",
              "isHook": false,
              "skipped": false
            },
            {
              "title": "find() to retrieve DOM elements of a given selector",
              "fullTitle": "Traversing DOM elements in Cypress find() to retrieve DOM elements of a given selector",
              "timedOut": null,
              "duration": 534,
              "state": "passed",
              "speed": "slow",
              "pass": true,
              "fail": false,
              "pending": false,
              "context": null,
              "code": "cy.get('.traversal-pagination').find('li').find('a').should('have.length', 7);",
              "err": {},
              "uuid": "09251da3-6f56-403e-99b9-9bcbd650d078",
              "parentUUID": "4c49dd0a-f4a5-4787-8d28-bcebd6655ae1",
              "isHook": false,
              "skipped": false
            },
            {
              "title": "first() to retrieve the first DOM element within elements ",
              "fullTitle": "Traversing DOM elements in Cypress first() to retrieve the first DOM element within elements ",
              "timedOut": null,
              "duration": 503,
              "state": "passed",
              "speed": "slow",
              "pass": true,
              "fail": false,
              "pending": false,
              "context": null,
              "code": "cy.get('.traversal-table>tbody>tr>td').first().should('contain', 'Andy');",
              "err": {},
              "uuid": "6d38cade-a0d2-4d95-8a85-0b3c40652a6c",
              "parentUUID": "4c49dd0a-f4a5-4787-8d28-bcebd6655ae1",
              "isHook": false,
              "skipped": false
            },
            {
              "title": "last() to retrieve the last DOM element within elements",
              "fullTitle": "Traversing DOM elements in Cypress last() to retrieve the last DOM element within elements",
              "timedOut": null,
              "duration": 488,
              "state": "passed",
              "speed": "slow",
              "pass": true,
              "fail": false,
              "pending": false,
              "context": null,
              "code": "cy.get('.traversal-table>tbody>tr>td').last().should('contain', 'Scott');",
              "err": {},
              "uuid": "d3e2d058-ade1-47f4-93aa-f4429e688d96",
              "parentUUID": "4c49dd0a-f4a5-4787-8d28-bcebd6655ae1",
              "isHook": false,
              "skipped": false
            },
            {
              "title": "nextAll() to get all of the next sibling DOM elements within elements",
              "fullTitle": "Traversing DOM elements in Cypress nextAll() to get all of the next sibling DOM elements within elements",
              "timedOut": null,
              "duration": 576,
              "state": "passed",
              "speed": "slow",
              "pass": true,
              "fail": false,
              "pending": false,
              "context": null,
              "code": "cy.get('.traversal-drinks-list').contains('Tea').nextAll().should('have.length', '3');",
              "err": {},
              "uuid": "ad1bcd3f-398c-4d0e-a895-3bb996355a5a",
              "parentUUID": "4c49dd0a-f4a5-4787-8d28-bcebd6655ae1",
              "isHook": false,
              "skipped": false
            },
            {
              "title": "nextUntil() to get all of the next sibling DOM elements within elements until another element",
              "fullTitle": "Traversing DOM elements in Cypress nextUntil() to get all of the next sibling DOM elements within elements until another element",
              "timedOut": null,
              "duration": 461,
              "state": "passed",
              "speed": "slow",
              "pass": true,
              "fail": false,
              "pending": false,
              "context": null,
              "code": "cy.get('#coffee').nextUntil('#espresso');",
              "err": {},
              "uuid": "1b503d86-aa22-4645-a688-dff8f66edd81",
              "parentUUID": "4c49dd0a-f4a5-4787-8d28-bcebd6655ae1",
              "isHook": false,
              "skipped": false
            },
            {
              "title": "not() to remove DOM element(s) from the set of elements",
              "fullTitle": "Traversing DOM elements in Cypress not() to remove DOM element(s) from the set of elements",
              "timedOut": null,
              "duration": 620,
              "state": "passed",
              "speed": "slow",
              "pass": true,
              "fail": false,
              "pending": false,
              "context": null,
              "code": "cy.get('.traversal-button-states>button').not('.disabled').should('not.have.class', 'disabled');",
              "err": {},
              "uuid": "d3e51578-5ee5-4733-8ed9-2bfeb6cd088e",
              "parentUUID": "4c49dd0a-f4a5-4787-8d28-bcebd6655ae1",
              "isHook": false,
              "skipped": false
            },
            {
              "title": "parent() To get parent DOM element of elements",
              "fullTitle": "Traversing DOM elements in Cypress parent() To get parent DOM element of elements",
              "timedOut": null,
              "duration": 578,
              "state": "passed",
              "speed": "slow",
              "pass": true,
              "fail": false,
              "pending": false,
              "context": null,
              "code": "cy.get('.traversal-mark').parent().should('contain', 'Lorem ipsum dolor sit amet');",
              "err": {},
              "uuid": "e5f19ca3-6351-4fc1-958f-0e416e2386f3",
              "parentUUID": "4c49dd0a-f4a5-4787-8d28-bcebd6655ae1",
              "isHook": false,
              "skipped": false
            },
            {
              "title": "parents() to get parents DOM element of elements",
              "fullTitle": "Traversing DOM elements in Cypress parents() to get parents DOM element of elements",
              "timedOut": null,
              "duration": 473,
              "state": "passed",
              "speed": "slow",
              "pass": true,
              "fail": false,
              "pending": false,
              "context": null,
              "code": "cy.get('.traversal-cite').parents().should('match', 'blockquote');",
              "err": {},
              "uuid": "600515eb-09e8-495f-8bef-efa147a5601f",
              "parentUUID": "4c49dd0a-f4a5-4787-8d28-bcebd6655ae1",
              "isHook": false,
              "skipped": false
            },
            {
              "title": "prev() to get the previous sibling DOM element within elements",
              "fullTitle": "Traversing DOM elements in Cypress prev() to get the previous sibling DOM element within elements",
              "timedOut": null,
              "duration": 665,
              "state": "passed",
              "speed": "slow",
              "pass": true,
              "fail": false,
              "pending": false,
              "context": null,
              "code": "cy.get('#sugar').prev().contains('Espresso');",
              "err": {},
              "uuid": "0eb52cb0-3295-4209-9702-9973ad6b19b9",
              "parentUUID": "4c49dd0a-f4a5-4787-8d28-bcebd6655ae1",
              "isHook": false,
              "skipped": false
            },
            {
              "title": "prevAll() to get all previous sibling DOM elements within elements",
              "fullTitle": "Traversing DOM elements in Cypress prevAll() to get all previous sibling DOM elements within elements",
              "timedOut": null,
              "duration": 496,
              "state": "passed",
              "speed": "slow",
              "pass": true,
              "fail": false,
              "pending": false,
              "context": null,
              "code": "cy.get('.sales').prevAll().should('have.length', 2);",
              "err": {},
              "uuid": "0e907359-919e-45bb-a284-bf1e9237a248",
              "parentUUID": "4c49dd0a-f4a5-4787-8d28-bcebd6655ae1",
              "isHook": false,
              "skipped": false
            },
            {
              "title": "prevUntil() to get all previous sibling DOM elements within elements until other element",
              "fullTitle": "Traversing DOM elements in Cypress prevUntil() to get all previous sibling DOM elements within elements until other element",
              "timedOut": null,
              "duration": 586,
              "state": "passed",
              "speed": "slow",
              "pass": true,
              "fail": false,
              "pending": false,
              "context": null,
              "code": "cy.get('#veggie').prevUntil('#fruits').should('have.length', 5);",
              "err": {},
              "uuid": "233d754f-e344-40c3-9f62-1740cfcf08b1",
              "parentUUID": "4c49dd0a-f4a5-4787-8d28-bcebd6655ae1",
              "isHook": false,
              "skipped": false
            },
            {
              "title": "siblings() To get all sibling DOM elements of elements",
              "fullTitle": "Traversing DOM elements in Cypress siblings() To get all sibling DOM elements of elements",
              "timedOut": null,
              "duration": 506,
              "state": "passed",
              "speed": "slow",
              "pass": true,
              "fail": false,
              "pending": false,
              "context": null,
              "code": "cy.get('.traversal-button-other-states .active').siblings().should('have.length', 3);",
              "err": {},
              "uuid": "4bba0f69-1ebd-44ac-846b-bd901363a247",
              "parentUUID": "4c49dd0a-f4a5-4787-8d28-bcebd6655ae1",
              "isHook": false,
              "skipped": false
            }
          ],
          "suites": [],
          "passes": [
            "dcda6928-be5a-49b0-a15c-505be1808d05",
            "5d16e5cb-b896-4f4e-9599-fce10c040a3d",
            "e25e145c-5667-4b8f-8406-8fa196a6c5bd",
            "cdf3da8d-2565-43a5-91de-840553ca410b",
            "09251da3-6f56-403e-99b9-9bcbd650d078",
            "6d38cade-a0d2-4d95-8a85-0b3c40652a6c",
            "d3e2d058-ade1-47f4-93aa-f4429e688d96",
            "ad1bcd3f-398c-4d0e-a895-3bb996355a5a",
            "1b503d86-aa22-4645-a688-dff8f66edd81",
            "d3e51578-5ee5-4733-8ed9-2bfeb6cd088e",
            "e5f19ca3-6351-4fc1-958f-0e416e2386f3",
            "600515eb-09e8-495f-8bef-efa147a5601f",
            "0eb52cb0-3295-4209-9702-9973ad6b19b9",
            "0e907359-919e-45bb-a284-bf1e9237a248",
            "233d754f-e344-40c3-9f62-1740cfcf08b1",
            "4bba0f69-1ebd-44ac-846b-bd901363a247"
          ],
          "failures": [],
          "pending": [],
          "skipped": [],
          "duration": 9975,
          "root": false,
          "rootEmpty": false,
          "_timeout": 2000
        }
      ],
      "passes": [],
      "failures": [],
      "pending": [],
      "skipped": [],
      "duration": 0,
      "root": true,
      "rootEmpty": true,
      "_timeout": 2000
    },
    {
      "uuid": "55d9ba6b-5132-4c2d-bbaf-e8f24aa88f3f",
      "title": "",
      "fullFile": "cypress/integration/automation-test-store/add-multiple-items-to-basket.js",
      "file": "cypress/integration/automation-test-store/add-multiple-items-to-basket.js",
      "beforeHooks": [],
      "afterHooks": [],
      "tests": [],
      "suites": [
        {
          "uuid": "831bb395-ed31-413b-ba68-25752b16ab35",
          "title": "Add multiple items to basket",
          "fullFile": "",
          "file": "",
          "beforeHooks": [],
          "afterHooks": [],
          "tests": [
            {
              "title": "Add specific items to basket",
              "fullTitle": "Add multiple items to basket Add specific items to basket",
              "timedOut": null,
              "duration": 9930,
              "state": "passed",
              "speed": "slow",
              "pass": true,
              "fail": false,
              "pending": false,
              "context": null,
              "code": "// globalThis.data.productName.forEach(function(element) {\n//     cy.addProductToBasket(element)\n// })\n// cy.get('.dropdown-toggle > .fa').click();\nautoStore_HairCare_PO.addHairCareProductsToBasket();",
              "err": {},
              "uuid": "2e1dccd7-77bc-447c-9623-336f1512bcda",
              "parentUUID": "831bb395-ed31-413b-ba68-25752b16ab35",
              "isHook": false,
              "skipped": false
            }
          ],
          "suites": [],
          "passes": [
            "2e1dccd7-77bc-447c-9623-336f1512bcda"
          ],
          "failures": [],
          "pending": [],
          "skipped": [],
          "duration": 9930,
          "root": false,
          "rootEmpty": false,
          "_timeout": 2000
        }
      ],
      "passes": [],
      "failures": [],
      "pending": [],
      "skipped": [],
      "duration": 0,
      "root": true,
      "rootEmpty": true,
      "_timeout": 2000
    }
  ],
  "meta": {
    "mocha": {
      "version": "7.0.1"
    },
    "mochawesome": {
      "options": {
        "quiet": false,
        "reportFilename": "mochawesome",
        "saveHtml": false,
        "saveJson": true,
        "consoleReporter": "spec",
        "useInlineDiffs": false,
        "code": true
      },
      "version": "6.3.1"
    },
    "marge": {
      "options": {
        "id": "default",
        "reportDir": "cypress/results/mochawesome",
        "quite": true,
        "overwrite": false,
        "html": false,
        "json": true
      },
      "version": "5.2.0"
    }
  }
}